Start testing: Mar 03 13:02 CET
----------------------------------------------------------
1/47 Testing: EmptyTree.InsertNode
1/47 Test: EmptyTree.InsertNode
Command: "/mnt/c/Users/Spookie/Documents/VS Code/VUT FIT/IVS/Projekt 1/black_box_test" "--gtest_filter=EmptyTree.InsertNode" "--gtest_also_run_disabled_tests"
Directory: /mnt/c/Users/Spookie/Documents/VS Code/VUT FIT/IVS/Projekt 1
"EmptyTree.InsertNode" start time: Mar 03 13:02 CET
Output:
----------------------------------------------------------
Running main() from /mnt/c/Users/Spookie/Documents/VS Code/VUT FIT/IVS/Projekt 1/_deps/googletest-src/googletest/src/gtest_main.cc
Note: Google Test filter = EmptyTree.InsertNode
[==========] Running 1 test from 1 test suite.
[----------] Global test environment set-up.
[----------] 1 test from EmptyTree
[ RUN      ] EmptyTree.InsertNode
[       OK ] EmptyTree.InsertNode (0 ms)
[----------] 1 test from EmptyTree (0 ms total)

[----------] Global test environment tear-down
[==========] 1 test from 1 test suite ran. (1 ms total)
[  PASSED  ] 1 test.
<end of output>
Test time =   0.10 sec
----------------------------------------------------------
Test Passed.
"EmptyTree.InsertNode" end time: Mar 03 13:02 CET
"EmptyTree.InsertNode" time elapsed: 00:00:00
----------------------------------------------------------

2/47 Testing: EmptyTree.DeleteNode
2/47 Test: EmptyTree.DeleteNode
Command: "/mnt/c/Users/Spookie/Documents/VS Code/VUT FIT/IVS/Projekt 1/black_box_test" "--gtest_filter=EmptyTree.DeleteNode" "--gtest_also_run_disabled_tests"
Directory: /mnt/c/Users/Spookie/Documents/VS Code/VUT FIT/IVS/Projekt 1
"EmptyTree.DeleteNode" start time: Mar 03 13:02 CET
Output:
----------------------------------------------------------
Running main() from /mnt/c/Users/Spookie/Documents/VS Code/VUT FIT/IVS/Projekt 1/_deps/googletest-src/googletest/src/gtest_main.cc
Note: Google Test filter = EmptyTree.DeleteNode
[==========] Running 1 test from 1 test suite.
[----------] Global test environment set-up.
[----------] 1 test from EmptyTree
[ RUN      ] EmptyTree.DeleteNode
[       OK ] EmptyTree.DeleteNode (0 ms)
[----------] 1 test from EmptyTree (0 ms total)

[----------] Global test environment tear-down
[==========] 1 test from 1 test suite ran. (0 ms total)
[  PASSED  ] 1 test.
<end of output>
Test time =   0.04 sec
----------------------------------------------------------
Test Passed.
"EmptyTree.DeleteNode" end time: Mar 03 13:02 CET
"EmptyTree.DeleteNode" time elapsed: 00:00:00
----------------------------------------------------------

3/47 Testing: EmptyTree.FindNode
3/47 Test: EmptyTree.FindNode
Command: "/mnt/c/Users/Spookie/Documents/VS Code/VUT FIT/IVS/Projekt 1/black_box_test" "--gtest_filter=EmptyTree.FindNode" "--gtest_also_run_disabled_tests"
Directory: /mnt/c/Users/Spookie/Documents/VS Code/VUT FIT/IVS/Projekt 1
"EmptyTree.FindNode" start time: Mar 03 13:02 CET
Output:
----------------------------------------------------------
Running main() from /mnt/c/Users/Spookie/Documents/VS Code/VUT FIT/IVS/Projekt 1/_deps/googletest-src/googletest/src/gtest_main.cc
Note: Google Test filter = EmptyTree.FindNode
[==========] Running 1 test from 1 test suite.
[----------] Global test environment set-up.
[----------] 1 test from EmptyTree
[ RUN      ] EmptyTree.FindNode
[       OK ] EmptyTree.FindNode (0 ms)
[----------] 1 test from EmptyTree (0 ms total)

[----------] Global test environment tear-down
[==========] 1 test from 1 test suite ran. (0 ms total)
[  PASSED  ] 1 test.
<end of output>
Test time =   0.04 sec
----------------------------------------------------------
Test Passed.
"EmptyTree.FindNode" end time: Mar 03 13:02 CET
"EmptyTree.FindNode" time elapsed: 00:00:00
----------------------------------------------------------

4/47 Testing: NonEmptyTree.InsertNode
4/47 Test: NonEmptyTree.InsertNode
Command: "/mnt/c/Users/Spookie/Documents/VS Code/VUT FIT/IVS/Projekt 1/black_box_test" "--gtest_filter=NonEmptyTree.InsertNode" "--gtest_also_run_disabled_tests"
Directory: /mnt/c/Users/Spookie/Documents/VS Code/VUT FIT/IVS/Projekt 1
"NonEmptyTree.InsertNode" start time: Mar 03 13:02 CET
Output:
----------------------------------------------------------
Running main() from /mnt/c/Users/Spookie/Documents/VS Code/VUT FIT/IVS/Projekt 1/_deps/googletest-src/googletest/src/gtest_main.cc
Note: Google Test filter = NonEmptyTree.InsertNode
[==========] Running 1 test from 1 test suite.
[----------] Global test environment set-up.
[----------] 1 test from NonEmptyTree
[ RUN      ] NonEmptyTree.InsertNode
[       OK ] NonEmptyTree.InsertNode (0 ms)
[----------] 1 test from NonEmptyTree (0 ms total)

[----------] Global test environment tear-down
[==========] 1 test from 1 test suite ran. (0 ms total)
[  PASSED  ] 1 test.
<end of output>
Test time =   0.04 sec
----------------------------------------------------------
Test Passed.
"NonEmptyTree.InsertNode" end time: Mar 03 13:02 CET
"NonEmptyTree.InsertNode" time elapsed: 00:00:00
----------------------------------------------------------

5/47 Testing: NonEmptyTree.DeleteNode
5/47 Test: NonEmptyTree.DeleteNode
Command: "/mnt/c/Users/Spookie/Documents/VS Code/VUT FIT/IVS/Projekt 1/black_box_test" "--gtest_filter=NonEmptyTree.DeleteNode" "--gtest_also_run_disabled_tests"
Directory: /mnt/c/Users/Spookie/Documents/VS Code/VUT FIT/IVS/Projekt 1
"NonEmptyTree.DeleteNode" start time: Mar 03 13:02 CET
Output:
----------------------------------------------------------
Running main() from /mnt/c/Users/Spookie/Documents/VS Code/VUT FIT/IVS/Projekt 1/_deps/googletest-src/googletest/src/gtest_main.cc
Note: Google Test filter = NonEmptyTree.DeleteNode
[==========] Running 1 test from 1 test suite.
[----------] Global test environment set-up.
[----------] 1 test from NonEmptyTree
[ RUN      ] NonEmptyTree.DeleteNode
[       OK ] NonEmptyTree.DeleteNode (0 ms)
[----------] 1 test from NonEmptyTree (0 ms total)

[----------] Global test environment tear-down
[==========] 1 test from 1 test suite ran. (0 ms total)
[  PASSED  ] 1 test.
<end of output>
Test time =   0.04 sec
----------------------------------------------------------
Test Passed.
"NonEmptyTree.DeleteNode" end time: Mar 03 13:02 CET
"NonEmptyTree.DeleteNode" time elapsed: 00:00:00
----------------------------------------------------------

6/47 Testing: NonEmptyTree.FindNode
6/47 Test: NonEmptyTree.FindNode
Command: "/mnt/c/Users/Spookie/Documents/VS Code/VUT FIT/IVS/Projekt 1/black_box_test" "--gtest_filter=NonEmptyTree.FindNode" "--gtest_also_run_disabled_tests"
Directory: /mnt/c/Users/Spookie/Documents/VS Code/VUT FIT/IVS/Projekt 1
"NonEmptyTree.FindNode" start time: Mar 03 13:02 CET
Output:
----------------------------------------------------------
Running main() from /mnt/c/Users/Spookie/Documents/VS Code/VUT FIT/IVS/Projekt 1/_deps/googletest-src/googletest/src/gtest_main.cc
Note: Google Test filter = NonEmptyTree.FindNode
[==========] Running 1 test from 1 test suite.
[----------] Global test environment set-up.
[----------] 1 test from NonEmptyTree
[ RUN      ] NonEmptyTree.FindNode
[       OK ] NonEmptyTree.FindNode (0 ms)
[----------] 1 test from NonEmptyTree (0 ms total)

[----------] Global test environment tear-down
[==========] 1 test from 1 test suite ran. (0 ms total)
[  PASSED  ] 1 test.
<end of output>
Test time =   0.04 sec
----------------------------------------------------------
Test Passed.
"NonEmptyTree.FindNode" end time: Mar 03 13:02 CET
"NonEmptyTree.FindNode" time elapsed: 00:00:00
----------------------------------------------------------

7/47 Testing: TreeAxioms.Axiom1
7/47 Test: TreeAxioms.Axiom1
Command: "/mnt/c/Users/Spookie/Documents/VS Code/VUT FIT/IVS/Projekt 1/black_box_test" "--gtest_filter=TreeAxioms.Axiom1" "--gtest_also_run_disabled_tests"
Directory: /mnt/c/Users/Spookie/Documents/VS Code/VUT FIT/IVS/Projekt 1
"TreeAxioms.Axiom1" start time: Mar 03 13:02 CET
Output:
----------------------------------------------------------
Running main() from /mnt/c/Users/Spookie/Documents/VS Code/VUT FIT/IVS/Projekt 1/_deps/googletest-src/googletest/src/gtest_main.cc
Note: Google Test filter = TreeAxioms.Axiom1
[==========] Running 1 test from 1 test suite.
[----------] Global test environment set-up.
[----------] 1 test from TreeAxioms
[ RUN      ] TreeAxioms.Axiom1
[       OK ] TreeAxioms.Axiom1 (0 ms)
[----------] 1 test from TreeAxioms (0 ms total)

[----------] Global test environment tear-down
[==========] 1 test from 1 test suite ran. (1 ms total)
[  PASSED  ] 1 test.
<end of output>
Test time =   0.04 sec
----------------------------------------------------------
Test Passed.
"TreeAxioms.Axiom1" end time: Mar 03 13:02 CET
"TreeAxioms.Axiom1" time elapsed: 00:00:00
----------------------------------------------------------

8/47 Testing: TreeAxioms.Axiom2
8/47 Test: TreeAxioms.Axiom2
Command: "/mnt/c/Users/Spookie/Documents/VS Code/VUT FIT/IVS/Projekt 1/black_box_test" "--gtest_filter=TreeAxioms.Axiom2" "--gtest_also_run_disabled_tests"
Directory: /mnt/c/Users/Spookie/Documents/VS Code/VUT FIT/IVS/Projekt 1
"TreeAxioms.Axiom2" start time: Mar 03 13:02 CET
Output:
----------------------------------------------------------
Running main() from /mnt/c/Users/Spookie/Documents/VS Code/VUT FIT/IVS/Projekt 1/_deps/googletest-src/googletest/src/gtest_main.cc
Note: Google Test filter = TreeAxioms.Axiom2
[==========] Running 1 test from 1 test suite.
[----------] Global test environment set-up.
[----------] 1 test from TreeAxioms
[ RUN      ] TreeAxioms.Axiom2
[       OK ] TreeAxioms.Axiom2 (0 ms)
[----------] 1 test from TreeAxioms (0 ms total)

[----------] Global test environment tear-down
[==========] 1 test from 1 test suite ran. (0 ms total)
[  PASSED  ] 1 test.
<end of output>
Test time =   0.04 sec
----------------------------------------------------------
Test Passed.
"TreeAxioms.Axiom2" end time: Mar 03 13:02 CET
"TreeAxioms.Axiom2" time elapsed: 00:00:00
----------------------------------------------------------

9/47 Testing: TreeAxioms.Axiom3
9/47 Test: TreeAxioms.Axiom3
Command: "/mnt/c/Users/Spookie/Documents/VS Code/VUT FIT/IVS/Projekt 1/black_box_test" "--gtest_filter=TreeAxioms.Axiom3" "--gtest_also_run_disabled_tests"
Directory: /mnt/c/Users/Spookie/Documents/VS Code/VUT FIT/IVS/Projekt 1
"TreeAxioms.Axiom3" start time: Mar 03 13:02 CET
Output:
----------------------------------------------------------
Running main() from /mnt/c/Users/Spookie/Documents/VS Code/VUT FIT/IVS/Projekt 1/_deps/googletest-src/googletest/src/gtest_main.cc
Note: Google Test filter = TreeAxioms.Axiom3
[==========] Running 1 test from 1 test suite.
[----------] Global test environment set-up.
[----------] 1 test from TreeAxioms
[ RUN      ] TreeAxioms.Axiom3
[       OK ] TreeAxioms.Axiom3 (0 ms)
[----------] 1 test from TreeAxioms (0 ms total)

[----------] Global test environment tear-down
[==========] 1 test from 1 test suite ran. (0 ms total)
[  PASSED  ] 1 test.
<end of output>
Test time =   0.04 sec
----------------------------------------------------------
Test Passed.
"TreeAxioms.Axiom3" end time: Mar 03 13:02 CET
"TreeAxioms.Axiom3" time elapsed: 00:00:00
----------------------------------------------------------

10/47 Testing: SuffixAutomatonTest.EmptyAutomaton
10/47 Test: SuffixAutomatonTest.EmptyAutomaton
Command: "/mnt/c/Users/Spookie/Documents/VS Code/VUT FIT/IVS/Projekt 1/white_box_test" "--gtest_filter=SuffixAutomatonTest.EmptyAutomaton" "--gtest_also_run_disabled_tests"
Directory: /mnt/c/Users/Spookie/Documents/VS Code/VUT FIT/IVS/Projekt 1
"SuffixAutomatonTest.EmptyAutomaton" start time: Mar 03 13:02 CET
Output:
----------------------------------------------------------
Running main() from /mnt/c/Users/Spookie/Documents/VS Code/VUT FIT/IVS/Projekt 1/_deps/googletest-src/googletest/src/gtest_main.cc
Note: Google Test filter = SuffixAutomatonTest.EmptyAutomaton
[==========] Running 1 test from 1 test suite.
[----------] Global test environment set-up.
[----------] 1 test from SuffixAutomatonTest
[ RUN      ] SuffixAutomatonTest.EmptyAutomaton
[       OK ] SuffixAutomatonTest.EmptyAutomaton (0 ms)
[----------] 1 test from SuffixAutomatonTest (0 ms total)

[----------] Global test environment tear-down
[==========] 1 test from 1 test suite ran. (0 ms total)
[  PASSED  ] 1 test.
<end of output>
Test time =   0.11 sec
----------------------------------------------------------
Test Passed.
"SuffixAutomatonTest.EmptyAutomaton" end time: Mar 03 13:02 CET
"SuffixAutomatonTest.EmptyAutomaton" time elapsed: 00:00:00
----------------------------------------------------------

11/47 Testing: SuffixAutomatonTest.Contains
11/47 Test: SuffixAutomatonTest.Contains
Command: "/mnt/c/Users/Spookie/Documents/VS Code/VUT FIT/IVS/Projekt 1/white_box_test" "--gtest_filter=SuffixAutomatonTest.Contains" "--gtest_also_run_disabled_tests"
Directory: /mnt/c/Users/Spookie/Documents/VS Code/VUT FIT/IVS/Projekt 1
"SuffixAutomatonTest.Contains" start time: Mar 03 13:02 CET
Output:
----------------------------------------------------------
Running main() from /mnt/c/Users/Spookie/Documents/VS Code/VUT FIT/IVS/Projekt 1/_deps/googletest-src/googletest/src/gtest_main.cc
Note: Google Test filter = SuffixAutomatonTest.Contains
[==========] Running 1 test from 1 test suite.
[----------] Global test environment set-up.
[----------] 1 test from SuffixAutomatonTest
[ RUN      ] SuffixAutomatonTest.Contains
[       OK ] SuffixAutomatonTest.Contains (0 ms)
[----------] 1 test from SuffixAutomatonTest (0 ms total)

[----------] Global test environment tear-down
[==========] 1 test from 1 test suite ran. (0 ms total)
[  PASSED  ] 1 test.
<end of output>
Test time =   0.05 sec
----------------------------------------------------------
Test Passed.
"SuffixAutomatonTest.Contains" end time: Mar 03 13:02 CET
"SuffixAutomatonTest.Contains" time elapsed: 00:00:00
----------------------------------------------------------

12/47 Testing: SuffixAutomatonTest.AddElement
12/47 Test: SuffixAutomatonTest.AddElement
Command: "/mnt/c/Users/Spookie/Documents/VS Code/VUT FIT/IVS/Projekt 1/white_box_test" "--gtest_filter=SuffixAutomatonTest.AddElement" "--gtest_also_run_disabled_tests"
Directory: /mnt/c/Users/Spookie/Documents/VS Code/VUT FIT/IVS/Projekt 1
"SuffixAutomatonTest.AddElement" start time: Mar 03 13:02 CET
Output:
----------------------------------------------------------
Running main() from /mnt/c/Users/Spookie/Documents/VS Code/VUT FIT/IVS/Projekt 1/_deps/googletest-src/googletest/src/gtest_main.cc
Note: Google Test filter = SuffixAutomatonTest.AddElement
[==========] Running 1 test from 1 test suite.
[----------] Global test environment set-up.
[----------] 1 test from SuffixAutomatonTest
[ RUN      ] SuffixAutomatonTest.AddElement
[       OK ] SuffixAutomatonTest.AddElement (0 ms)
[----------] 1 test from SuffixAutomatonTest (0 ms total)

[----------] Global test environment tear-down
[==========] 1 test from 1 test suite ran. (0 ms total)
[  PASSED  ] 1 test.
<end of output>
Test time =   0.05 sec
----------------------------------------------------------
Test Passed.
"SuffixAutomatonTest.AddElement" end time: Mar 03 13:02 CET
"SuffixAutomatonTest.AddElement" time elapsed: 00:00:00
----------------------------------------------------------

13/47 Testing: SuffixAutomatonTest.ClearAutomaton
13/47 Test: SuffixAutomatonTest.ClearAutomaton
Command: "/mnt/c/Users/Spookie/Documents/VS Code/VUT FIT/IVS/Projekt 1/white_box_test" "--gtest_filter=SuffixAutomatonTest.ClearAutomaton" "--gtest_also_run_disabled_tests"
Directory: /mnt/c/Users/Spookie/Documents/VS Code/VUT FIT/IVS/Projekt 1
"SuffixAutomatonTest.ClearAutomaton" start time: Mar 03 13:02 CET
Output:
----------------------------------------------------------
Running main() from /mnt/c/Users/Spookie/Documents/VS Code/VUT FIT/IVS/Projekt 1/_deps/googletest-src/googletest/src/gtest_main.cc
Note: Google Test filter = SuffixAutomatonTest.ClearAutomaton
[==========] Running 1 test from 1 test suite.
[----------] Global test environment set-up.
[----------] 1 test from SuffixAutomatonTest
[ RUN      ] SuffixAutomatonTest.ClearAutomaton
[       OK ] SuffixAutomatonTest.ClearAutomaton (0 ms)
[----------] 1 test from SuffixAutomatonTest (0 ms total)

[----------] Global test environment tear-down
[==========] 1 test from 1 test suite ran. (0 ms total)
[  PASSED  ] 1 test.
<end of output>
Test time =   0.04 sec
----------------------------------------------------------
Test Passed.
"SuffixAutomatonTest.ClearAutomaton" end time: Mar 03 13:02 CET
"SuffixAutomatonTest.ClearAutomaton" time elapsed: 00:00:00
----------------------------------------------------------

14/47 Testing: SuffixAutomatonTest.ComplexSequence
14/47 Test: SuffixAutomatonTest.ComplexSequence
Command: "/mnt/c/Users/Spookie/Documents/VS Code/VUT FIT/IVS/Projekt 1/white_box_test" "--gtest_filter=SuffixAutomatonTest.ComplexSequence" "--gtest_also_run_disabled_tests"
Directory: /mnt/c/Users/Spookie/Documents/VS Code/VUT FIT/IVS/Projekt 1
"SuffixAutomatonTest.ComplexSequence" start time: Mar 03 13:02 CET
Output:
----------------------------------------------------------
Running main() from /mnt/c/Users/Spookie/Documents/VS Code/VUT FIT/IVS/Projekt 1/_deps/googletest-src/googletest/src/gtest_main.cc
Note: Google Test filter = SuffixAutomatonTest.ComplexSequence
[==========] Running 1 test from 1 test suite.
[----------] Global test environment set-up.
[----------] 1 test from SuffixAutomatonTest
[ RUN      ] SuffixAutomatonTest.ComplexSequence
[       OK ] SuffixAutomatonTest.ComplexSequence (0 ms)
[----------] 1 test from SuffixAutomatonTest (0 ms total)

[----------] Global test environment tear-down
[==========] 1 test from 1 test suite ran. (0 ms total)
[  PASSED  ] 1 test.
<end of output>
Test time =   0.05 sec
----------------------------------------------------------
Test Passed.
"SuffixAutomatonTest.ComplexSequence" end time: Mar 03 13:02 CET
"SuffixAutomatonTest.ComplexSequence" time elapsed: 00:00:00
----------------------------------------------------------

15/47 Testing: NonEmptyGraph.nodes
15/47 Test: NonEmptyGraph.nodes
Command: "/mnt/c/Users/Spookie/Documents/VS Code/VUT FIT/IVS/Projekt 1/tdd_test" "--gtest_filter=NonEmptyGraph.nodes" "--gtest_also_run_disabled_tests"
Directory: /mnt/c/Users/Spookie/Documents/VS Code/VUT FIT/IVS/Projekt 1
"NonEmptyGraph.nodes" start time: Mar 03 13:02 CET
Output:
----------------------------------------------------------
Running main() from /mnt/c/Users/Spookie/Documents/VS Code/VUT FIT/IVS/Projekt 1/_deps/googletest-src/googletest/src/gtest_main.cc
Note: Google Test filter = NonEmptyGraph.nodes
[==========] Running 1 test from 1 test suite.
[----------] Global test environment set-up.
[----------] 1 test from NonEmptyGraph
[ RUN      ] NonEmptyGraph.nodes
[       OK ] NonEmptyGraph.nodes (1 ms)
[----------] 1 test from NonEmptyGraph (1 ms total)

[----------] Global test environment tear-down
[==========] 1 test from 1 test suite ran. (2 ms total)
[  PASSED  ] 1 test.
<end of output>
Test time =   0.10 sec
----------------------------------------------------------
Test Passed.
"NonEmptyGraph.nodes" end time: Mar 03 13:02 CET
"NonEmptyGraph.nodes" time elapsed: 00:00:00
----------------------------------------------------------

16/47 Testing: NonEmptyGraph.edges
16/47 Test: NonEmptyGraph.edges
Command: "/mnt/c/Users/Spookie/Documents/VS Code/VUT FIT/IVS/Projekt 1/tdd_test" "--gtest_filter=NonEmptyGraph.edges" "--gtest_also_run_disabled_tests"
Directory: /mnt/c/Users/Spookie/Documents/VS Code/VUT FIT/IVS/Projekt 1
"NonEmptyGraph.edges" start time: Mar 03 13:02 CET
Output:
----------------------------------------------------------
Running main() from /mnt/c/Users/Spookie/Documents/VS Code/VUT FIT/IVS/Projekt 1/_deps/googletest-src/googletest/src/gtest_main.cc
Note: Google Test filter = NonEmptyGraph.edges
[==========] Running 1 test from 1 test suite.
[----------] Global test environment set-up.
[----------] 1 test from NonEmptyGraph
[ RUN      ] NonEmptyGraph.edges
[       OK ] NonEmptyGraph.edges (0 ms)
[----------] 1 test from NonEmptyGraph (0 ms total)

[----------] Global test environment tear-down
[==========] 1 test from 1 test suite ran. (0 ms total)
[  PASSED  ] 1 test.
<end of output>
Test time =   0.07 sec
----------------------------------------------------------
Test Passed.
"NonEmptyGraph.edges" end time: Mar 03 13:02 CET
"NonEmptyGraph.edges" time elapsed: 00:00:00
----------------------------------------------------------

17/47 Testing: NonEmptyGraph.addNode
17/47 Test: NonEmptyGraph.addNode
Command: "/mnt/c/Users/Spookie/Documents/VS Code/VUT FIT/IVS/Projekt 1/tdd_test" "--gtest_filter=NonEmptyGraph.addNode" "--gtest_also_run_disabled_tests"
Directory: /mnt/c/Users/Spookie/Documents/VS Code/VUT FIT/IVS/Projekt 1
"NonEmptyGraph.addNode" start time: Mar 03 13:02 CET
Output:
----------------------------------------------------------
Running main() from /mnt/c/Users/Spookie/Documents/VS Code/VUT FIT/IVS/Projekt 1/_deps/googletest-src/googletest/src/gtest_main.cc
Note: Google Test filter = NonEmptyGraph.addNode
[==========] Running 1 test from 1 test suite.
[----------] Global test environment set-up.
[----------] 1 test from NonEmptyGraph
[ RUN      ] NonEmptyGraph.addNode
[       OK ] NonEmptyGraph.addNode (0 ms)
[----------] 1 test from NonEmptyGraph (0 ms total)

[----------] Global test environment tear-down
[==========] 1 test from 1 test suite ran. (1 ms total)
[  PASSED  ] 1 test.
<end of output>
Test time =   0.06 sec
----------------------------------------------------------
Test Passed.
"NonEmptyGraph.addNode" end time: Mar 03 13:02 CET
"NonEmptyGraph.addNode" time elapsed: 00:00:00
----------------------------------------------------------

18/47 Testing: NonEmptyGraph.addEdge
18/47 Test: NonEmptyGraph.addEdge
Command: "/mnt/c/Users/Spookie/Documents/VS Code/VUT FIT/IVS/Projekt 1/tdd_test" "--gtest_filter=NonEmptyGraph.addEdge" "--gtest_also_run_disabled_tests"
Directory: /mnt/c/Users/Spookie/Documents/VS Code/VUT FIT/IVS/Projekt 1
"NonEmptyGraph.addEdge" start time: Mar 03 13:02 CET
Output:
----------------------------------------------------------
Running main() from /mnt/c/Users/Spookie/Documents/VS Code/VUT FIT/IVS/Projekt 1/_deps/googletest-src/googletest/src/gtest_main.cc
Note: Google Test filter = NonEmptyGraph.addEdge
[==========] Running 1 test from 1 test suite.
[----------] Global test environment set-up.
[----------] 1 test from NonEmptyGraph
[ RUN      ] NonEmptyGraph.addEdge
[       OK ] NonEmptyGraph.addEdge (0 ms)
[----------] 1 test from NonEmptyGraph (1 ms total)

[----------] Global test environment tear-down
[==========] 1 test from 1 test suite ran. (1 ms total)
[  PASSED  ] 1 test.
<end of output>
Test time =   0.08 sec
----------------------------------------------------------
Test Passed.
"NonEmptyGraph.addEdge" end time: Mar 03 13:02 CET
"NonEmptyGraph.addEdge" time elapsed: 00:00:00
----------------------------------------------------------

19/47 Testing: NonEmptyGraph.addMultipleEdges
19/47 Test: NonEmptyGraph.addMultipleEdges
Command: "/mnt/c/Users/Spookie/Documents/VS Code/VUT FIT/IVS/Projekt 1/tdd_test" "--gtest_filter=NonEmptyGraph.addMultipleEdges" "--gtest_also_run_disabled_tests"
Directory: /mnt/c/Users/Spookie/Documents/VS Code/VUT FIT/IVS/Projekt 1
"NonEmptyGraph.addMultipleEdges" start time: Mar 03 13:02 CET
Output:
----------------------------------------------------------
Running main() from /mnt/c/Users/Spookie/Documents/VS Code/VUT FIT/IVS/Projekt 1/_deps/googletest-src/googletest/src/gtest_main.cc
Note: Google Test filter = NonEmptyGraph.addMultipleEdges
[==========] Running 1 test from 1 test suite.
[----------] Global test environment set-up.
[----------] 1 test from NonEmptyGraph
[ RUN      ] NonEmptyGraph.addMultipleEdges
[       OK ] NonEmptyGraph.addMultipleEdges (1 ms)
[----------] 1 test from NonEmptyGraph (1 ms total)

[----------] Global test environment tear-down
[==========] 1 test from 1 test suite ran. (1 ms total)
[  PASSED  ] 1 test.
<end of output>
Test time =   0.07 sec
----------------------------------------------------------
Test Passed.
"NonEmptyGraph.addMultipleEdges" end time: Mar 03 13:02 CET
"NonEmptyGraph.addMultipleEdges" time elapsed: 00:00:00
----------------------------------------------------------

20/47 Testing: NonEmptyGraph.getNode
20/47 Test: NonEmptyGraph.getNode
Command: "/mnt/c/Users/Spookie/Documents/VS Code/VUT FIT/IVS/Projekt 1/tdd_test" "--gtest_filter=NonEmptyGraph.getNode" "--gtest_also_run_disabled_tests"
Directory: /mnt/c/Users/Spookie/Documents/VS Code/VUT FIT/IVS/Projekt 1
"NonEmptyGraph.getNode" start time: Mar 03 13:02 CET
Output:
----------------------------------------------------------
Running main() from /mnt/c/Users/Spookie/Documents/VS Code/VUT FIT/IVS/Projekt 1/_deps/googletest-src/googletest/src/gtest_main.cc
Note: Google Test filter = NonEmptyGraph.getNode
[==========] Running 1 test from 1 test suite.
[----------] Global test environment set-up.
[----------] 1 test from NonEmptyGraph
[ RUN      ] NonEmptyGraph.getNode
[       OK ] NonEmptyGraph.getNode (0 ms)
[----------] 1 test from NonEmptyGraph (0 ms total)

[----------] Global test environment tear-down
[==========] 1 test from 1 test suite ran. (0 ms total)
[  PASSED  ] 1 test.
<end of output>
Test time =   0.07 sec
----------------------------------------------------------
Test Passed.
"NonEmptyGraph.getNode" end time: Mar 03 13:02 CET
"NonEmptyGraph.getNode" time elapsed: 00:00:00
----------------------------------------------------------

21/47 Testing: NonEmptyGraph.containsEdge
21/47 Test: NonEmptyGraph.containsEdge
Command: "/mnt/c/Users/Spookie/Documents/VS Code/VUT FIT/IVS/Projekt 1/tdd_test" "--gtest_filter=NonEmptyGraph.containsEdge" "--gtest_also_run_disabled_tests"
Directory: /mnt/c/Users/Spookie/Documents/VS Code/VUT FIT/IVS/Projekt 1
"NonEmptyGraph.containsEdge" start time: Mar 03 13:02 CET
Output:
----------------------------------------------------------
Running main() from /mnt/c/Users/Spookie/Documents/VS Code/VUT FIT/IVS/Projekt 1/_deps/googletest-src/googletest/src/gtest_main.cc
Note: Google Test filter = NonEmptyGraph.containsEdge
[==========] Running 1 test from 1 test suite.
[----------] Global test environment set-up.
[----------] 1 test from NonEmptyGraph
[ RUN      ] NonEmptyGraph.containsEdge
[       OK ] NonEmptyGraph.containsEdge (0 ms)
[----------] 1 test from NonEmptyGraph (0 ms total)

[----------] Global test environment tear-down
[==========] 1 test from 1 test suite ran. (0 ms total)
[  PASSED  ] 1 test.
<end of output>
Test time =   0.07 sec
----------------------------------------------------------
Test Passed.
"NonEmptyGraph.containsEdge" end time: Mar 03 13:02 CET
"NonEmptyGraph.containsEdge" time elapsed: 00:00:00
----------------------------------------------------------

22/47 Testing: NonEmptyGraph.removeNode
22/47 Test: NonEmptyGraph.removeNode
Command: "/mnt/c/Users/Spookie/Documents/VS Code/VUT FIT/IVS/Projekt 1/tdd_test" "--gtest_filter=NonEmptyGraph.removeNode" "--gtest_also_run_disabled_tests"
Directory: /mnt/c/Users/Spookie/Documents/VS Code/VUT FIT/IVS/Projekt 1
"NonEmptyGraph.removeNode" start time: Mar 03 13:02 CET
Output:
----------------------------------------------------------
Running main() from /mnt/c/Users/Spookie/Documents/VS Code/VUT FIT/IVS/Projekt 1/_deps/googletest-src/googletest/src/gtest_main.cc
Note: Google Test filter = NonEmptyGraph.removeNode
[==========] Running 1 test from 1 test suite.
[----------] Global test environment set-up.
[----------] 1 test from NonEmptyGraph
[ RUN      ] NonEmptyGraph.removeNode
[       OK ] NonEmptyGraph.removeNode (1 ms)
[----------] 1 test from NonEmptyGraph (2 ms total)

[----------] Global test environment tear-down
[==========] 1 test from 1 test suite ran. (2 ms total)
[  PASSED  ] 1 test.
<end of output>
Test time =   0.07 sec
----------------------------------------------------------
Test Passed.
"NonEmptyGraph.removeNode" end time: Mar 03 13:02 CET
"NonEmptyGraph.removeNode" time elapsed: 00:00:00
----------------------------------------------------------

23/47 Testing: NonEmptyGraph.removeEdge
23/47 Test: NonEmptyGraph.removeEdge
Command: "/mnt/c/Users/Spookie/Documents/VS Code/VUT FIT/IVS/Projekt 1/tdd_test" "--gtest_filter=NonEmptyGraph.removeEdge" "--gtest_also_run_disabled_tests"
Directory: /mnt/c/Users/Spookie/Documents/VS Code/VUT FIT/IVS/Projekt 1
"NonEmptyGraph.removeEdge" start time: Mar 03 13:02 CET
Output:
----------------------------------------------------------
Running main() from /mnt/c/Users/Spookie/Documents/VS Code/VUT FIT/IVS/Projekt 1/_deps/googletest-src/googletest/src/gtest_main.cc
Note: Google Test filter = NonEmptyGraph.removeEdge
[==========] Running 1 test from 1 test suite.
[----------] Global test environment set-up.
[----------] 1 test from NonEmptyGraph
[ RUN      ] NonEmptyGraph.removeEdge
[       OK ] NonEmptyGraph.removeEdge (0 ms)
[----------] 1 test from NonEmptyGraph (1 ms total)

[----------] Global test environment tear-down
[==========] 1 test from 1 test suite ran. (1 ms total)
[  PASSED  ] 1 test.
<end of output>
Test time =   0.07 sec
----------------------------------------------------------
Test Passed.
"NonEmptyGraph.removeEdge" end time: Mar 03 13:02 CET
"NonEmptyGraph.removeEdge" time elapsed: 00:00:00
----------------------------------------------------------

24/47 Testing: NonEmptyGraph.nodeCount
24/47 Test: NonEmptyGraph.nodeCount
Command: "/mnt/c/Users/Spookie/Documents/VS Code/VUT FIT/IVS/Projekt 1/tdd_test" "--gtest_filter=NonEmptyGraph.nodeCount" "--gtest_also_run_disabled_tests"
Directory: /mnt/c/Users/Spookie/Documents/VS Code/VUT FIT/IVS/Projekt 1
"NonEmptyGraph.nodeCount" start time: Mar 03 13:02 CET
Output:
----------------------------------------------------------
Running main() from /mnt/c/Users/Spookie/Documents/VS Code/VUT FIT/IVS/Projekt 1/_deps/googletest-src/googletest/src/gtest_main.cc
Note: Google Test filter = NonEmptyGraph.nodeCount
[==========] Running 1 test from 1 test suite.
[----------] Global test environment set-up.
[----------] 1 test from NonEmptyGraph
[ RUN      ] NonEmptyGraph.nodeCount
[       OK ] NonEmptyGraph.nodeCount (0 ms)
[----------] 1 test from NonEmptyGraph (0 ms total)

[----------] Global test environment tear-down
[==========] 1 test from 1 test suite ran. (0 ms total)
[  PASSED  ] 1 test.
<end of output>
Test time =   0.07 sec
----------------------------------------------------------
Test Passed.
"NonEmptyGraph.nodeCount" end time: Mar 03 13:02 CET
"NonEmptyGraph.nodeCount" time elapsed: 00:00:00
----------------------------------------------------------

25/47 Testing: NonEmptyGraph.edgeCount
25/47 Test: NonEmptyGraph.edgeCount
Command: "/mnt/c/Users/Spookie/Documents/VS Code/VUT FIT/IVS/Projekt 1/tdd_test" "--gtest_filter=NonEmptyGraph.edgeCount" "--gtest_also_run_disabled_tests"
Directory: /mnt/c/Users/Spookie/Documents/VS Code/VUT FIT/IVS/Projekt 1
"NonEmptyGraph.edgeCount" start time: Mar 03 13:02 CET
Output:
----------------------------------------------------------
Running main() from /mnt/c/Users/Spookie/Documents/VS Code/VUT FIT/IVS/Projekt 1/_deps/googletest-src/googletest/src/gtest_main.cc
Note: Google Test filter = NonEmptyGraph.edgeCount
[==========] Running 1 test from 1 test suite.
[----------] Global test environment set-up.
[----------] 1 test from NonEmptyGraph
[ RUN      ] NonEmptyGraph.edgeCount
[       OK ] NonEmptyGraph.edgeCount (0 ms)
[----------] 1 test from NonEmptyGraph (0 ms total)

[----------] Global test environment tear-down
[==========] 1 test from 1 test suite ran. (0 ms total)
[  PASSED  ] 1 test.
<end of output>
Test time =   0.07 sec
----------------------------------------------------------
Test Passed.
"NonEmptyGraph.edgeCount" end time: Mar 03 13:02 CET
"NonEmptyGraph.edgeCount" time elapsed: 00:00:00
----------------------------------------------------------

26/47 Testing: NonEmptyGraph.nodeDegree
26/47 Test: NonEmptyGraph.nodeDegree
Command: "/mnt/c/Users/Spookie/Documents/VS Code/VUT FIT/IVS/Projekt 1/tdd_test" "--gtest_filter=NonEmptyGraph.nodeDegree" "--gtest_also_run_disabled_tests"
Directory: /mnt/c/Users/Spookie/Documents/VS Code/VUT FIT/IVS/Projekt 1
"NonEmptyGraph.nodeDegree" start time: Mar 03 13:02 CET
Output:
----------------------------------------------------------
Running main() from /mnt/c/Users/Spookie/Documents/VS Code/VUT FIT/IVS/Projekt 1/_deps/googletest-src/googletest/src/gtest_main.cc
Note: Google Test filter = NonEmptyGraph.nodeDegree
[==========] Running 1 test from 1 test suite.
[----------] Global test environment set-up.
[----------] 1 test from NonEmptyGraph
[ RUN      ] NonEmptyGraph.nodeDegree
[       OK ] NonEmptyGraph.nodeDegree (0 ms)
[----------] 1 test from NonEmptyGraph (0 ms total)

[----------] Global test environment tear-down
[==========] 1 test from 1 test suite ran. (1 ms total)
[  PASSED  ] 1 test.
<end of output>
Test time =   0.07 sec
----------------------------------------------------------
Test Passed.
"NonEmptyGraph.nodeDegree" end time: Mar 03 13:02 CET
"NonEmptyGraph.nodeDegree" time elapsed: 00:00:00
----------------------------------------------------------

27/47 Testing: NonEmptyGraph.graphDegree
27/47 Test: NonEmptyGraph.graphDegree
Command: "/mnt/c/Users/Spookie/Documents/VS Code/VUT FIT/IVS/Projekt 1/tdd_test" "--gtest_filter=NonEmptyGraph.graphDegree" "--gtest_also_run_disabled_tests"
Directory: /mnt/c/Users/Spookie/Documents/VS Code/VUT FIT/IVS/Projekt 1
"NonEmptyGraph.graphDegree" start time: Mar 03 13:02 CET
Output:
----------------------------------------------------------
Running main() from /mnt/c/Users/Spookie/Documents/VS Code/VUT FIT/IVS/Projekt 1/_deps/googletest-src/googletest/src/gtest_main.cc
Note: Google Test filter = NonEmptyGraph.graphDegree
[==========] Running 1 test from 1 test suite.
[----------] Global test environment set-up.
[----------] 1 test from NonEmptyGraph
[ RUN      ] NonEmptyGraph.graphDegree
[       OK ] NonEmptyGraph.graphDegree (0 ms)
[----------] 1 test from NonEmptyGraph (0 ms total)

[----------] Global test environment tear-down
[==========] 1 test from 1 test suite ran. (1 ms total)
[  PASSED  ] 1 test.
<end of output>
Test time =   0.09 sec
----------------------------------------------------------
Test Passed.
"NonEmptyGraph.graphDegree" end time: Mar 03 13:02 CET
"NonEmptyGraph.graphDegree" time elapsed: 00:00:00
----------------------------------------------------------

28/47 Testing: NonEmptyGraph.coloring
28/47 Test: NonEmptyGraph.coloring
Command: "/mnt/c/Users/Spookie/Documents/VS Code/VUT FIT/IVS/Projekt 1/tdd_test" "--gtest_filter=NonEmptyGraph.coloring" "--gtest_also_run_disabled_tests"
Directory: /mnt/c/Users/Spookie/Documents/VS Code/VUT FIT/IVS/Projekt 1
"NonEmptyGraph.coloring" start time: Mar 03 13:02 CET
Output:
----------------------------------------------------------
Running main() from /mnt/c/Users/Spookie/Documents/VS Code/VUT FIT/IVS/Projekt 1/_deps/googletest-src/googletest/src/gtest_main.cc
Note: Google Test filter = NonEmptyGraph.coloring
[==========] Running 1 test from 1 test suite.
[----------] Global test environment set-up.
[----------] 1 test from NonEmptyGraph
[ RUN      ] NonEmptyGraph.coloring
[       OK ] NonEmptyGraph.coloring (0 ms)
[----------] 1 test from NonEmptyGraph (0 ms total)

[----------] Global test environment tear-down
[==========] 1 test from 1 test suite ran. (0 ms total)
[  PASSED  ] 1 test.
<end of output>
Test time =   0.07 sec
----------------------------------------------------------
Test Passed.
"NonEmptyGraph.coloring" end time: Mar 03 13:02 CET
"NonEmptyGraph.coloring" time elapsed: 00:00:00
----------------------------------------------------------

29/47 Testing: NonEmptyGraph.clear
29/47 Test: NonEmptyGraph.clear
Command: "/mnt/c/Users/Spookie/Documents/VS Code/VUT FIT/IVS/Projekt 1/tdd_test" "--gtest_filter=NonEmptyGraph.clear" "--gtest_also_run_disabled_tests"
Directory: /mnt/c/Users/Spookie/Documents/VS Code/VUT FIT/IVS/Projekt 1
"NonEmptyGraph.clear" start time: Mar 03 13:02 CET
Output:
----------------------------------------------------------
Running main() from /mnt/c/Users/Spookie/Documents/VS Code/VUT FIT/IVS/Projekt 1/_deps/googletest-src/googletest/src/gtest_main.cc
Note: Google Test filter = NonEmptyGraph.clear
[==========] Running 1 test from 1 test suite.
[----------] Global test environment set-up.
[----------] 1 test from NonEmptyGraph
[ RUN      ] NonEmptyGraph.clear
[       OK ] NonEmptyGraph.clear (0 ms)
[----------] 1 test from NonEmptyGraph (0 ms total)

[----------] Global test environment tear-down
[==========] 1 test from 1 test suite ran. (0 ms total)
[  PASSED  ] 1 test.
<end of output>
Test time =   0.07 sec
----------------------------------------------------------
Test Passed.
"NonEmptyGraph.clear" end time: Mar 03 13:02 CET
"NonEmptyGraph.clear" time elapsed: 00:00:00
----------------------------------------------------------

30/47 Testing: EmptyGraph.nodes
30/47 Test: EmptyGraph.nodes
Command: "/mnt/c/Users/Spookie/Documents/VS Code/VUT FIT/IVS/Projekt 1/tdd_test" "--gtest_filter=EmptyGraph.nodes" "--gtest_also_run_disabled_tests"
Directory: /mnt/c/Users/Spookie/Documents/VS Code/VUT FIT/IVS/Projekt 1
"EmptyGraph.nodes" start time: Mar 03 13:02 CET
Output:
----------------------------------------------------------
Running main() from /mnt/c/Users/Spookie/Documents/VS Code/VUT FIT/IVS/Projekt 1/_deps/googletest-src/googletest/src/gtest_main.cc
Note: Google Test filter = EmptyGraph.nodes
[==========] Running 1 test from 1 test suite.
[----------] Global test environment set-up.
[----------] 1 test from EmptyGraph
[ RUN      ] EmptyGraph.nodes
[       OK ] EmptyGraph.nodes (0 ms)
[----------] 1 test from EmptyGraph (0 ms total)

[----------] Global test environment tear-down
[==========] 1 test from 1 test suite ran. (1 ms total)
[  PASSED  ] 1 test.
<end of output>
Test time =   0.07 sec
----------------------------------------------------------
Test Passed.
"EmptyGraph.nodes" end time: Mar 03 13:02 CET
"EmptyGraph.nodes" time elapsed: 00:00:00
----------------------------------------------------------

31/47 Testing: EmptyGraph.edges
31/47 Test: EmptyGraph.edges
Command: "/mnt/c/Users/Spookie/Documents/VS Code/VUT FIT/IVS/Projekt 1/tdd_test" "--gtest_filter=EmptyGraph.edges" "--gtest_also_run_disabled_tests"
Directory: /mnt/c/Users/Spookie/Documents/VS Code/VUT FIT/IVS/Projekt 1
"EmptyGraph.edges" start time: Mar 03 13:02 CET
Output:
----------------------------------------------------------
Running main() from /mnt/c/Users/Spookie/Documents/VS Code/VUT FIT/IVS/Projekt 1/_deps/googletest-src/googletest/src/gtest_main.cc
Note: Google Test filter = EmptyGraph.edges
[==========] Running 1 test from 1 test suite.
[----------] Global test environment set-up.
[----------] 1 test from EmptyGraph
[ RUN      ] EmptyGraph.edges
[       OK ] EmptyGraph.edges (0 ms)
[----------] 1 test from EmptyGraph (0 ms total)

[----------] Global test environment tear-down
[==========] 1 test from 1 test suite ran. (0 ms total)
[  PASSED  ] 1 test.
<end of output>
Test time =   0.08 sec
----------------------------------------------------------
Test Passed.
"EmptyGraph.edges" end time: Mar 03 13:02 CET
"EmptyGraph.edges" time elapsed: 00:00:00
----------------------------------------------------------

32/47 Testing: EmptyGraph.addNode
32/47 Test: EmptyGraph.addNode
Command: "/mnt/c/Users/Spookie/Documents/VS Code/VUT FIT/IVS/Projekt 1/tdd_test" "--gtest_filter=EmptyGraph.addNode" "--gtest_also_run_disabled_tests"
Directory: /mnt/c/Users/Spookie/Documents/VS Code/VUT FIT/IVS/Projekt 1
"EmptyGraph.addNode" start time: Mar 03 13:02 CET
Output:
----------------------------------------------------------
Running main() from /mnt/c/Users/Spookie/Documents/VS Code/VUT FIT/IVS/Projekt 1/_deps/googletest-src/googletest/src/gtest_main.cc
Note: Google Test filter = EmptyGraph.addNode
[==========] Running 1 test from 1 test suite.
[----------] Global test environment set-up.
[----------] 1 test from EmptyGraph
[ RUN      ] EmptyGraph.addNode
[       OK ] EmptyGraph.addNode (0 ms)
[----------] 1 test from EmptyGraph (1 ms total)

[----------] Global test environment tear-down
[==========] 1 test from 1 test suite ran. (1 ms total)
[  PASSED  ] 1 test.
<end of output>
Test time =   0.07 sec
----------------------------------------------------------
Test Passed.
"EmptyGraph.addNode" end time: Mar 03 13:02 CET
"EmptyGraph.addNode" time elapsed: 00:00:00
----------------------------------------------------------

33/47 Testing: EmptyGraph.addEdge
33/47 Test: EmptyGraph.addEdge
Command: "/mnt/c/Users/Spookie/Documents/VS Code/VUT FIT/IVS/Projekt 1/tdd_test" "--gtest_filter=EmptyGraph.addEdge" "--gtest_also_run_disabled_tests"
Directory: /mnt/c/Users/Spookie/Documents/VS Code/VUT FIT/IVS/Projekt 1
"EmptyGraph.addEdge" start time: Mar 03 13:02 CET
Output:
----------------------------------------------------------
Running main() from /mnt/c/Users/Spookie/Documents/VS Code/VUT FIT/IVS/Projekt 1/_deps/googletest-src/googletest/src/gtest_main.cc
Note: Google Test filter = EmptyGraph.addEdge
[==========] Running 1 test from 1 test suite.
[----------] Global test environment set-up.
[----------] 1 test from EmptyGraph
[ RUN      ] EmptyGraph.addEdge
[       OK ] EmptyGraph.addEdge (0 ms)
[----------] 1 test from EmptyGraph (0 ms total)

[----------] Global test environment tear-down
[==========] 1 test from 1 test suite ran. (1 ms total)
[  PASSED  ] 1 test.
<end of output>
Test time =   0.07 sec
----------------------------------------------------------
Test Passed.
"EmptyGraph.addEdge" end time: Mar 03 13:02 CET
"EmptyGraph.addEdge" time elapsed: 00:00:00
----------------------------------------------------------

34/47 Testing: EmptyGraph.addMultipleEdges
34/47 Test: EmptyGraph.addMultipleEdges
Command: "/mnt/c/Users/Spookie/Documents/VS Code/VUT FIT/IVS/Projekt 1/tdd_test" "--gtest_filter=EmptyGraph.addMultipleEdges" "--gtest_also_run_disabled_tests"
Directory: /mnt/c/Users/Spookie/Documents/VS Code/VUT FIT/IVS/Projekt 1
"EmptyGraph.addMultipleEdges" start time: Mar 03 13:02 CET
Output:
----------------------------------------------------------
Running main() from /mnt/c/Users/Spookie/Documents/VS Code/VUT FIT/IVS/Projekt 1/_deps/googletest-src/googletest/src/gtest_main.cc
Note: Google Test filter = EmptyGraph.addMultipleEdges
[==========] Running 1 test from 1 test suite.
[----------] Global test environment set-up.
[----------] 1 test from EmptyGraph
[ RUN      ] EmptyGraph.addMultipleEdges
[       OK ] EmptyGraph.addMultipleEdges (0 ms)
[----------] 1 test from EmptyGraph (0 ms total)

[----------] Global test environment tear-down
[==========] 1 test from 1 test suite ran. (1 ms total)
[  PASSED  ] 1 test.
<end of output>
Test time =   0.07 sec
----------------------------------------------------------
Test Passed.
"EmptyGraph.addMultipleEdges" end time: Mar 03 13:02 CET
"EmptyGraph.addMultipleEdges" time elapsed: 00:00:00
----------------------------------------------------------

35/47 Testing: EmptyGraph.getNode
35/47 Test: EmptyGraph.getNode
Command: "/mnt/c/Users/Spookie/Documents/VS Code/VUT FIT/IVS/Projekt 1/tdd_test" "--gtest_filter=EmptyGraph.getNode" "--gtest_also_run_disabled_tests"
Directory: /mnt/c/Users/Spookie/Documents/VS Code/VUT FIT/IVS/Projekt 1
"EmptyGraph.getNode" start time: Mar 03 13:02 CET
Output:
----------------------------------------------------------
Running main() from /mnt/c/Users/Spookie/Documents/VS Code/VUT FIT/IVS/Projekt 1/_deps/googletest-src/googletest/src/gtest_main.cc
Note: Google Test filter = EmptyGraph.getNode
[==========] Running 1 test from 1 test suite.
[----------] Global test environment set-up.
[----------] 1 test from EmptyGraph
[ RUN      ] EmptyGraph.getNode
[       OK ] EmptyGraph.getNode (0 ms)
[----------] 1 test from EmptyGraph (0 ms total)

[----------] Global test environment tear-down
[==========] 1 test from 1 test suite ran. (0 ms total)
[  PASSED  ] 1 test.
<end of output>
Test time =   0.07 sec
----------------------------------------------------------
Test Passed.
"EmptyGraph.getNode" end time: Mar 03 13:02 CET
"EmptyGraph.getNode" time elapsed: 00:00:00
----------------------------------------------------------

36/47 Testing: EmptyGraph.containsEdge
36/47 Test: EmptyGraph.containsEdge
Command: "/mnt/c/Users/Spookie/Documents/VS Code/VUT FIT/IVS/Projekt 1/tdd_test" "--gtest_filter=EmptyGraph.containsEdge" "--gtest_also_run_disabled_tests"
Directory: /mnt/c/Users/Spookie/Documents/VS Code/VUT FIT/IVS/Projekt 1
"EmptyGraph.containsEdge" start time: Mar 03 13:02 CET
Output:
----------------------------------------------------------
Running main() from /mnt/c/Users/Spookie/Documents/VS Code/VUT FIT/IVS/Projekt 1/_deps/googletest-src/googletest/src/gtest_main.cc
Note: Google Test filter = EmptyGraph.containsEdge
[==========] Running 1 test from 1 test suite.
[----------] Global test environment set-up.
[----------] 1 test from EmptyGraph
[ RUN      ] EmptyGraph.containsEdge
[       OK ] EmptyGraph.containsEdge (0 ms)
[----------] 1 test from EmptyGraph (0 ms total)

[----------] Global test environment tear-down
[==========] 1 test from 1 test suite ran. (0 ms total)
[  PASSED  ] 1 test.
<end of output>
Test time =   0.07 sec
----------------------------------------------------------
Test Passed.
"EmptyGraph.containsEdge" end time: Mar 03 13:02 CET
"EmptyGraph.containsEdge" time elapsed: 00:00:00
----------------------------------------------------------

37/47 Testing: EmptyGraph.removeNode
37/47 Test: EmptyGraph.removeNode
Command: "/mnt/c/Users/Spookie/Documents/VS Code/VUT FIT/IVS/Projekt 1/tdd_test" "--gtest_filter=EmptyGraph.removeNode" "--gtest_also_run_disabled_tests"
Directory: /mnt/c/Users/Spookie/Documents/VS Code/VUT FIT/IVS/Projekt 1
"EmptyGraph.removeNode" start time: Mar 03 13:02 CET
Output:
----------------------------------------------------------
Running main() from /mnt/c/Users/Spookie/Documents/VS Code/VUT FIT/IVS/Projekt 1/_deps/googletest-src/googletest/src/gtest_main.cc
Note: Google Test filter = EmptyGraph.removeNode
[==========] Running 1 test from 1 test suite.
[----------] Global test environment set-up.
[----------] 1 test from EmptyGraph
[ RUN      ] EmptyGraph.removeNode
[       OK ] EmptyGraph.removeNode (0 ms)
[----------] 1 test from EmptyGraph (0 ms total)

[----------] Global test environment tear-down
[==========] 1 test from 1 test suite ran. (1 ms total)
[  PASSED  ] 1 test.
<end of output>
Test time =   0.07 sec
----------------------------------------------------------
Test Passed.
"EmptyGraph.removeNode" end time: Mar 03 13:02 CET
"EmptyGraph.removeNode" time elapsed: 00:00:00
----------------------------------------------------------

38/47 Testing: EmptyGraph.removeEdge
38/47 Test: EmptyGraph.removeEdge
Command: "/mnt/c/Users/Spookie/Documents/VS Code/VUT FIT/IVS/Projekt 1/tdd_test" "--gtest_filter=EmptyGraph.removeEdge" "--gtest_also_run_disabled_tests"
Directory: /mnt/c/Users/Spookie/Documents/VS Code/VUT FIT/IVS/Projekt 1
"EmptyGraph.removeEdge" start time: Mar 03 13:02 CET
Output:
----------------------------------------------------------
Running main() from /mnt/c/Users/Spookie/Documents/VS Code/VUT FIT/IVS/Projekt 1/_deps/googletest-src/googletest/src/gtest_main.cc
Note: Google Test filter = EmptyGraph.removeEdge
[==========] Running 1 test from 1 test suite.
[----------] Global test environment set-up.
[----------] 1 test from EmptyGraph
[ RUN      ] EmptyGraph.removeEdge
[       OK ] EmptyGraph.removeEdge (0 ms)
[----------] 1 test from EmptyGraph (0 ms total)

[----------] Global test environment tear-down
[==========] 1 test from 1 test suite ran. (0 ms total)
[  PASSED  ] 1 test.
<end of output>
Test time =   0.07 sec
----------------------------------------------------------
Test Passed.
"EmptyGraph.removeEdge" end time: Mar 03 13:02 CET
"EmptyGraph.removeEdge" time elapsed: 00:00:00
----------------------------------------------------------

39/47 Testing: EmptyGraph.nodeCount
39/47 Test: EmptyGraph.nodeCount
Command: "/mnt/c/Users/Spookie/Documents/VS Code/VUT FIT/IVS/Projekt 1/tdd_test" "--gtest_filter=EmptyGraph.nodeCount" "--gtest_also_run_disabled_tests"
Directory: /mnt/c/Users/Spookie/Documents/VS Code/VUT FIT/IVS/Projekt 1
"EmptyGraph.nodeCount" start time: Mar 03 13:02 CET
Output:
----------------------------------------------------------
Running main() from /mnt/c/Users/Spookie/Documents/VS Code/VUT FIT/IVS/Projekt 1/_deps/googletest-src/googletest/src/gtest_main.cc
Note: Google Test filter = EmptyGraph.nodeCount
[==========] Running 1 test from 1 test suite.
[----------] Global test environment set-up.
[----------] 1 test from EmptyGraph
[ RUN      ] EmptyGraph.nodeCount
[       OK ] EmptyGraph.nodeCount (0 ms)
[----------] 1 test from EmptyGraph (0 ms total)

[----------] Global test environment tear-down
[==========] 1 test from 1 test suite ran. (1 ms total)
[  PASSED  ] 1 test.
<end of output>
Test time =   0.08 sec
----------------------------------------------------------
Test Passed.
"EmptyGraph.nodeCount" end time: Mar 03 13:02 CET
"EmptyGraph.nodeCount" time elapsed: 00:00:00
----------------------------------------------------------

40/47 Testing: EmptyGraph.edgeCount
40/47 Test: EmptyGraph.edgeCount
Command: "/mnt/c/Users/Spookie/Documents/VS Code/VUT FIT/IVS/Projekt 1/tdd_test" "--gtest_filter=EmptyGraph.edgeCount" "--gtest_also_run_disabled_tests"
Directory: /mnt/c/Users/Spookie/Documents/VS Code/VUT FIT/IVS/Projekt 1
"EmptyGraph.edgeCount" start time: Mar 03 13:02 CET
Output:
----------------------------------------------------------
Running main() from /mnt/c/Users/Spookie/Documents/VS Code/VUT FIT/IVS/Projekt 1/_deps/googletest-src/googletest/src/gtest_main.cc
Note: Google Test filter = EmptyGraph.edgeCount
[==========] Running 1 test from 1 test suite.
[----------] Global test environment set-up.
[----------] 1 test from EmptyGraph
[ RUN      ] EmptyGraph.edgeCount
[       OK ] EmptyGraph.edgeCount (0 ms)
[----------] 1 test from EmptyGraph (0 ms total)

[----------] Global test environment tear-down
[==========] 1 test from 1 test suite ran. (0 ms total)
[  PASSED  ] 1 test.
<end of output>
Test time =   0.07 sec
----------------------------------------------------------
Test Passed.
"EmptyGraph.edgeCount" end time: Mar 03 13:02 CET
"EmptyGraph.edgeCount" time elapsed: 00:00:00
----------------------------------------------------------

41/47 Testing: EmptyGraph.nodeDegree
41/47 Test: EmptyGraph.nodeDegree
Command: "/mnt/c/Users/Spookie/Documents/VS Code/VUT FIT/IVS/Projekt 1/tdd_test" "--gtest_filter=EmptyGraph.nodeDegree" "--gtest_also_run_disabled_tests"
Directory: /mnt/c/Users/Spookie/Documents/VS Code/VUT FIT/IVS/Projekt 1
"EmptyGraph.nodeDegree" start time: Mar 03 13:02 CET
Output:
----------------------------------------------------------
Running main() from /mnt/c/Users/Spookie/Documents/VS Code/VUT FIT/IVS/Projekt 1/_deps/googletest-src/googletest/src/gtest_main.cc
Note: Google Test filter = EmptyGraph.nodeDegree
[==========] Running 1 test from 1 test suite.
[----------] Global test environment set-up.
[----------] 1 test from EmptyGraph
[ RUN      ] EmptyGraph.nodeDegree
[       OK ] EmptyGraph.nodeDegree (0 ms)
[----------] 1 test from EmptyGraph (0 ms total)

[----------] Global test environment tear-down
[==========] 1 test from 1 test suite ran. (0 ms total)
[  PASSED  ] 1 test.
<end of output>
Test time =   0.07 sec
----------------------------------------------------------
Test Passed.
"EmptyGraph.nodeDegree" end time: Mar 03 13:02 CET
"EmptyGraph.nodeDegree" time elapsed: 00:00:00
----------------------------------------------------------

42/47 Testing: EmptyGraph.graphDegree
42/47 Test: EmptyGraph.graphDegree
Command: "/mnt/c/Users/Spookie/Documents/VS Code/VUT FIT/IVS/Projekt 1/tdd_test" "--gtest_filter=EmptyGraph.graphDegree" "--gtest_also_run_disabled_tests"
Directory: /mnt/c/Users/Spookie/Documents/VS Code/VUT FIT/IVS/Projekt 1
"EmptyGraph.graphDegree" start time: Mar 03 13:02 CET
Output:
----------------------------------------------------------
Running main() from /mnt/c/Users/Spookie/Documents/VS Code/VUT FIT/IVS/Projekt 1/_deps/googletest-src/googletest/src/gtest_main.cc
Note: Google Test filter = EmptyGraph.graphDegree
[==========] Running 1 test from 1 test suite.
[----------] Global test environment set-up.
[----------] 1 test from EmptyGraph
[ RUN      ] EmptyGraph.graphDegree
[       OK ] EmptyGraph.graphDegree (0 ms)
[----------] 1 test from EmptyGraph (0 ms total)

[----------] Global test environment tear-down
[==========] 1 test from 1 test suite ran. (0 ms total)
[  PASSED  ] 1 test.
<end of output>
Test time =   0.07 sec
----------------------------------------------------------
Test Passed.
"EmptyGraph.graphDegree" end time: Mar 03 13:02 CET
"EmptyGraph.graphDegree" time elapsed: 00:00:00
----------------------------------------------------------

43/47 Testing: EmptyGraph.coloring
43/47 Test: EmptyGraph.coloring
Command: "/mnt/c/Users/Spookie/Documents/VS Code/VUT FIT/IVS/Projekt 1/tdd_test" "--gtest_filter=EmptyGraph.coloring" "--gtest_also_run_disabled_tests"
Directory: /mnt/c/Users/Spookie/Documents/VS Code/VUT FIT/IVS/Projekt 1
"EmptyGraph.coloring" start time: Mar 03 13:02 CET
Output:
----------------------------------------------------------
Running main() from /mnt/c/Users/Spookie/Documents/VS Code/VUT FIT/IVS/Projekt 1/_deps/googletest-src/googletest/src/gtest_main.cc
Note: Google Test filter = EmptyGraph.coloring
[==========] Running 1 test from 1 test suite.
[----------] Global test environment set-up.
[----------] 1 test from EmptyGraph
[ RUN      ] EmptyGraph.coloring
[       OK ] EmptyGraph.coloring (0 ms)
[----------] 1 test from EmptyGraph (0 ms total)

[----------] Global test environment tear-down
[==========] 1 test from 1 test suite ran. (0 ms total)
[  PASSED  ] 1 test.
<end of output>
Test time =   0.07 sec
----------------------------------------------------------
Test Passed.
"EmptyGraph.coloring" end time: Mar 03 13:02 CET
"EmptyGraph.coloring" time elapsed: 00:00:00
----------------------------------------------------------

44/47 Testing: EmptyGraph.clear
44/47 Test: EmptyGraph.clear
Command: "/mnt/c/Users/Spookie/Documents/VS Code/VUT FIT/IVS/Projekt 1/tdd_test" "--gtest_filter=EmptyGraph.clear" "--gtest_also_run_disabled_tests"
Directory: /mnt/c/Users/Spookie/Documents/VS Code/VUT FIT/IVS/Projekt 1
"EmptyGraph.clear" start time: Mar 03 13:02 CET
Output:
----------------------------------------------------------
Running main() from /mnt/c/Users/Spookie/Documents/VS Code/VUT FIT/IVS/Projekt 1/_deps/googletest-src/googletest/src/gtest_main.cc
Note: Google Test filter = EmptyGraph.clear
[==========] Running 1 test from 1 test suite.
[----------] Global test environment set-up.
[----------] 1 test from EmptyGraph
[ RUN      ] EmptyGraph.clear
[       OK ] EmptyGraph.clear (0 ms)
[----------] 1 test from EmptyGraph (0 ms total)

[----------] Global test environment tear-down
[==========] 1 test from 1 test suite ran. (0 ms total)
[  PASSED  ] 1 test.
<end of output>
Test time =   0.07 sec
----------------------------------------------------------
Test Passed.
"EmptyGraph.clear" end time: Mar 03 13:02 CET
"EmptyGraph.clear" time elapsed: 00:00:00
----------------------------------------------------------

45/47 Testing: Edges.equal
45/47 Test: Edges.equal
Command: "/mnt/c/Users/Spookie/Documents/VS Code/VUT FIT/IVS/Projekt 1/tdd_test" "--gtest_filter=Edges.equal" "--gtest_also_run_disabled_tests"
Directory: /mnt/c/Users/Spookie/Documents/VS Code/VUT FIT/IVS/Projekt 1
"Edges.equal" start time: Mar 03 13:02 CET
Output:
----------------------------------------------------------
Running main() from /mnt/c/Users/Spookie/Documents/VS Code/VUT FIT/IVS/Projekt 1/_deps/googletest-src/googletest/src/gtest_main.cc
Note: Google Test filter = Edges.equal
[==========] Running 1 test from 1 test suite.
[----------] Global test environment set-up.
[----------] 1 test from Edges
[ RUN      ] Edges.equal
[       OK ] Edges.equal (0 ms)
[----------] 1 test from Edges (0 ms total)

[----------] Global test environment tear-down
[==========] 1 test from 1 test suite ran. (0 ms total)
[  PASSED  ] 1 test.
<end of output>
Test time =   0.07 sec
----------------------------------------------------------
Test Passed.
"Edges.equal" end time: Mar 03 13:02 CET
"Edges.equal" time elapsed: 00:00:00
----------------------------------------------------------

46/47 Testing: Edges.nonEqual
46/47 Test: Edges.nonEqual
Command: "/mnt/c/Users/Spookie/Documents/VS Code/VUT FIT/IVS/Projekt 1/tdd_test" "--gtest_filter=Edges.nonEqual" "--gtest_also_run_disabled_tests"
Directory: /mnt/c/Users/Spookie/Documents/VS Code/VUT FIT/IVS/Projekt 1
"Edges.nonEqual" start time: Mar 03 13:02 CET
Output:
----------------------------------------------------------
Running main() from /mnt/c/Users/Spookie/Documents/VS Code/VUT FIT/IVS/Projekt 1/_deps/googletest-src/googletest/src/gtest_main.cc
Note: Google Test filter = Edges.nonEqual
[==========] Running 1 test from 1 test suite.
[----------] Global test environment set-up.
[----------] 1 test from Edges
[ RUN      ] Edges.nonEqual
[       OK ] Edges.nonEqual (0 ms)
[----------] 1 test from Edges (0 ms total)

[----------] Global test environment tear-down
[==========] 1 test from 1 test suite ran. (0 ms total)
[  PASSED  ] 1 test.
<end of output>
Test time =   0.07 sec
----------------------------------------------------------
Test Passed.
"Edges.nonEqual" end time: Mar 03 13:02 CET
"Edges.nonEqual" time elapsed: 00:00:00
----------------------------------------------------------

47/47 Testing: Edges.toStringStream
47/47 Test: Edges.toStringStream
Command: "/mnt/c/Users/Spookie/Documents/VS Code/VUT FIT/IVS/Projekt 1/tdd_test" "--gtest_filter=Edges.toStringStream" "--gtest_also_run_disabled_tests"
Directory: /mnt/c/Users/Spookie/Documents/VS Code/VUT FIT/IVS/Projekt 1
"Edges.toStringStream" start time: Mar 03 13:02 CET
Output:
----------------------------------------------------------
Running main() from /mnt/c/Users/Spookie/Documents/VS Code/VUT FIT/IVS/Projekt 1/_deps/googletest-src/googletest/src/gtest_main.cc
Note: Google Test filter = Edges.toStringStream
[==========] Running 1 test from 1 test suite.
[----------] Global test environment set-up.
[----------] 1 test from Edges
[ RUN      ] Edges.toStringStream
[       OK ] Edges.toStringStream (0 ms)
[----------] 1 test from Edges (0 ms total)

[----------] Global test environment tear-down
[==========] 1 test from 1 test suite ran. (0 ms total)
[  PASSED  ] 1 test.
<end of output>
Test time =   0.07 sec
----------------------------------------------------------
Test Passed.
"Edges.toStringStream" end time: Mar 03 13:02 CET
"Edges.toStringStream" time elapsed: 00:00:00
----------------------------------------------------------

End testing: Mar 03 13:02 CET
